This is pdfTeX, Version 3.14159265-2.6-1.40.17 (TeX Live 2016) (preloaded format=pdflatex 2017.1.30)  7 FEB 2017 20:40
entering extended mode
 restricted \write18 enabled.
 %&-line parsing enabled.
**book
(./book.tex
LaTeX2e <2017/01/01> patch level 1
Babel <3.9r> and hyphenation patterns for 83 language(s) loaded.
(/usr/local/texlive/2016/texmf-dist/tex/latex/base/book.cls
Document Class: book 2014/09/29 v1.4h Standard LaTeX document class
(/usr/local/texlive/2016/texmf-dist/tex/latex/base/bk10.clo
File: bk10.clo 2014/09/29 v1.4h Standard LaTeX file (size option)
)
\c@part=\count79
\c@chapter=\count80
\c@section=\count81
\c@subsection=\count82
\c@subsubsection=\count83
\c@paragraph=\count84
\c@subparagraph=\count85
\c@figure=\count86
\c@table=\count87
\abovecaptionskip=\skip41
\belowcaptionskip=\skip42
\bibindent=\dimen102
)
(/usr/local/texlive/2016/texmf-dist/tex/latex/geometry/geometry.sty
Package: geometry 2010/09/12 v5.6 Page Geometry

(/usr/local/texlive/2016/texmf-dist/tex/latex/graphics/keyval.sty
Package: keyval 2014/10/28 v1.15 key=value parser (DPC)
\KV@toks@=\toks14
)
(/usr/local/texlive/2016/texmf-dist/tex/generic/oberdiek/ifpdf.sty
Package: ifpdf 2016/05/14 v3.1 Provides the ifpdf switch
)
(/usr/local/texlive/2016/texmf-dist/tex/generic/oberdiek/ifvtex.sty
Package: ifvtex 2016/05/16 v1.6 Detect VTeX and its facilities (HO)
Package ifvtex Info: VTeX not detected.
)
(/usr/local/texlive/2016/texmf-dist/tex/generic/ifxetex/ifxetex.sty
Package: ifxetex 2010/09/12 v0.6 Provides ifxetex conditional
)
\Gm@cnth=\count88
\Gm@cntv=\count89
\c@Gm@tempcnt=\count90
\Gm@bindingoffset=\dimen103
\Gm@wd@mp=\dimen104
\Gm@odd@mp=\dimen105
\Gm@even@mp=\dimen106
\Gm@layoutwidth=\dimen107
\Gm@layoutheight=\dimen108
\Gm@layouthoffset=\dimen109
\Gm@layoutvoffset=\dimen110
\Gm@dimlist=\toks15
)
(/usr/local/texlive/2016/texmf-dist/tex/latex/base/fontenc.sty
Package: fontenc 2017/01/24 v2.0c Standard LaTeX package

(/usr/local/texlive/2016/texmf-dist/tex/latex/base/t1enc.def
File: t1enc.def 2017/01/24 v2.0c Standard LaTeX file
LaTeX Font Info:    Redeclaring font encoding T1 on input line 48.
))
(/usr/local/texlive/2016/texmf-dist/tex/latex/base/textcomp.sty
Package: textcomp 2017/01/24 v2.0c Standard LaTeX package
Package textcomp Info: Sub-encoding information:
(textcomp)               5 = only ISO-Adobe without \textcurrency
(textcomp)               4 = 5 + \texteuro
(textcomp)               3 = 4 + \textohm
(textcomp)               2 = 3 + \textestimated + \textcurrency
(textcomp)               1 = TS1 - \textcircled - \t
(textcomp)               0 = TS1 (full)
(textcomp)             Font families with sub-encoding setting implement
(textcomp)             only a restricted character set as indicated.
(textcomp)             Family '?' is the default used for unknown fonts.
(textcomp)             See the documentation for details.
Package textcomp Info: Setting ? sub-encoding to TS1/1 on input line 79.

(/usr/local/texlive/2016/texmf-dist/tex/latex/base/ts1enc.def
File: ts1enc.def 2001/06/05 v3.0e (jk/car/fm) Standard LaTeX file
)
LaTeX Info: Redefining \oldstylenums on input line 334.
Package textcomp Info: Setting cmr sub-encoding to TS1/0 on input line 349.
Package textcomp Info: Setting cmss sub-encoding to TS1/0 on input line 350.
Package textcomp Info: Setting cmtt sub-encoding to TS1/0 on input line 351.
Package textcomp Info: Setting cmvtt sub-encoding to TS1/0 on input line 352.
Package textcomp Info: Setting cmbr sub-encoding to TS1/0 on input line 353.
Package textcomp Info: Setting cmtl sub-encoding to TS1/0 on input line 354.
Package textcomp Info: Setting ccr sub-encoding to TS1/0 on input line 355.
Package textcomp Info: Setting ptm sub-encoding to TS1/4 on input line 356.
Package textcomp Info: Setting pcr sub-encoding to TS1/4 on input line 357.
Package textcomp Info: Setting phv sub-encoding to TS1/4 on input line 358.
Package textcomp Info: Setting ppl sub-encoding to TS1/3 on input line 359.
Package textcomp Info: Setting pag sub-encoding to TS1/4 on input line 360.
Package textcomp Info: Setting pbk sub-encoding to TS1/4 on input line 361.
Package textcomp Info: Setting pnc sub-encoding to TS1/4 on input line 362.
Package textcomp Info: Setting pzc sub-encoding to TS1/4 on input line 363.
Package textcomp Info: Setting bch sub-encoding to TS1/4 on input line 364.
Package textcomp Info: Setting put sub-encoding to TS1/5 on input line 365.
Package textcomp Info: Setting uag sub-encoding to TS1/5 on input line 366.
Package textcomp Info: Setting ugq sub-encoding to TS1/5 on input line 367.
Package textcomp Info: Setting ul8 sub-encoding to TS1/4 on input line 368.
Package textcomp Info: Setting ul9 sub-encoding to TS1/4 on input line 369.
Package textcomp Info: Setting augie sub-encoding to TS1/5 on input line 370.
Package textcomp Info: Setting dayrom sub-encoding to TS1/3 on input line 371.
Package textcomp Info: Setting dayroms sub-encoding to TS1/3 on input line 372.

Package textcomp Info: Setting pxr sub-encoding to TS1/0 on input line 373.
Package textcomp Info: Setting pxss sub-encoding to TS1/0 on input line 374.
Package textcomp Info: Setting pxtt sub-encoding to TS1/0 on input line 375.
Package textcomp Info: Setting txr sub-encoding to TS1/0 on input line 376.
Package textcomp Info: Setting txss sub-encoding to TS1/0 on input line 377.
Package textcomp Info: Setting txtt sub-encoding to TS1/0 on input line 378.
Package textcomp Info: Setting lmr sub-encoding to TS1/0 on input line 379.
Package textcomp Info: Setting lmdh sub-encoding to TS1/0 on input line 380.
Package textcomp Info: Setting lmss sub-encoding to TS1/0 on input line 381.
Package textcomp Info: Setting lmssq sub-encoding to TS1/0 on input line 382.
Package textcomp Info: Setting lmvtt sub-encoding to TS1/0 on input line 383.
Package textcomp Info: Setting lmtt sub-encoding to TS1/0 on input line 384.
Package textcomp Info: Setting qhv sub-encoding to TS1/0 on input line 385.
Package textcomp Info: Setting qag sub-encoding to TS1/0 on input line 386.
Package textcomp Info: Setting qbk sub-encoding to TS1/0 on input line 387.
Package textcomp Info: Setting qcr sub-encoding to TS1/0 on input line 388.
Package textcomp Info: Setting qcs sub-encoding to TS1/0 on input line 389.
Package textcomp Info: Setting qpl sub-encoding to TS1/0 on input line 390.
Package textcomp Info: Setting qtm sub-encoding to TS1/0 on input line 391.
Package textcomp Info: Setting qzc sub-encoding to TS1/0 on input line 392.
Package textcomp Info: Setting qhvc sub-encoding to TS1/0 on input line 393.
Package textcomp Info: Setting futs sub-encoding to TS1/4 on input line 394.
Package textcomp Info: Setting futx sub-encoding to TS1/4 on input line 395.
Package textcomp Info: Setting futj sub-encoding to TS1/4 on input line 396.
Package textcomp Info: Setting hlh sub-encoding to TS1/3 on input line 397.
Package textcomp Info: Setting hls sub-encoding to TS1/3 on input line 398.
Package textcomp Info: Setting hlst sub-encoding to TS1/3 on input line 399.
Package textcomp Info: Setting hlct sub-encoding to TS1/5 on input line 400.
Package textcomp Info: Setting hlx sub-encoding to TS1/5 on input line 401.
Package textcomp Info: Setting hlce sub-encoding to TS1/5 on input line 402.
Package textcomp Info: Setting hlcn sub-encoding to TS1/5 on input line 403.
Package textcomp Info: Setting hlcw sub-encoding to TS1/5 on input line 404.
Package textcomp Info: Setting hlcf sub-encoding to TS1/5 on input line 405.
Package textcomp Info: Setting pplx sub-encoding to TS1/3 on input line 406.
Package textcomp Info: Setting pplj sub-encoding to TS1/3 on input line 407.
Package textcomp Info: Setting ptmx sub-encoding to TS1/4 on input line 408.
Package textcomp Info: Setting ptmj sub-encoding to TS1/4 on input line 409.
)
(/usr/local/texlive/2016/texmf-dist/tex/latex/psnfss/mathpazo.sty
Package: mathpazo 2005/04/12 PSNFSS-v9.2a Palatino w/ Pazo Math (D.Puga, WaS) 
\symupright=\mathgroup4
)
(/usr/local/texlive/2016/texmf-dist/tex/latex/url/url.sty
\Urlmuskip=\muskip10
Package: url 2013/09/16  ver 3.4  Verb mode for urls, etc.
)
(/usr/local/texlive/2016/texmf-dist/tex/latex/fancyhdr/fancyhdr.sty
Package: fancyhdr 2016/09/06 3.8 Extensive control of page headers and footers
\fancy@headwidth=\skip43
\f@ncyO@elh=\skip44
\f@ncyO@erh=\skip45
\f@ncyO@olh=\skip46
\f@ncyO@orh=\skip47
\f@ncyO@elf=\skip48
\f@ncyO@erf=\skip49
\f@ncyO@olf=\skip50
\f@ncyO@orf=\skip51
)
(/usr/local/texlive/2016/texmf-dist/tex/latex/graphics/graphicx.sty
Package: graphicx 2014/10/28 v1.0g Enhanced LaTeX Graphics (DPC,SPQR)

(/usr/local/texlive/2016/texmf-dist/tex/latex/graphics/graphics.sty
Package: graphics 2016/10/09 v1.0u Standard LaTeX Graphics (DPC,SPQR)

(/usr/local/texlive/2016/texmf-dist/tex/latex/graphics/trig.sty
Package: trig 2016/01/03 v1.10 sin cos tan (DPC)
)
(/usr/local/texlive/2016/texmf-dist/tex/latex/graphics-cfg/graphics.cfg
File: graphics.cfg 2016/06/04 v1.11 sample graphics configuration
)
Package graphics Info: Driver file: pdftex.def on input line 99.

(/usr/local/texlive/2016/texmf-dist/tex/latex/graphics-def/pdftex.def
File: pdftex.def 2017/01/12 v0.06k Graphics/color for pdfTeX

(/usr/local/texlive/2016/texmf-dist/tex/generic/oberdiek/infwarerr.sty
Package: infwarerr 2016/05/16 v1.4 Providing info/warning/error messages (HO)
)
(/usr/local/texlive/2016/texmf-dist/tex/generic/oberdiek/ltxcmds.sty
Package: ltxcmds 2016/05/16 v1.23 LaTeX kernel commands for general use (HO)
)
\Gread@gobject=\count91
))
\Gin@req@height=\dimen111
\Gin@req@width=\dimen112
)
(/usr/local/texlive/2016/texmf-dist/tex/latex/amsmath/amsmath.sty
Package: amsmath 2016/11/05 v2.16a AMS math features
\@mathmargin=\skip52

For additional information on amsmath, use the `?' option.
(/usr/local/texlive/2016/texmf-dist/tex/latex/amsmath/amstext.sty
Package: amstext 2000/06/29 v2.01 AMS text

(/usr/local/texlive/2016/texmf-dist/tex/latex/amsmath/amsgen.sty
File: amsgen.sty 1999/11/30 v2.0 generic functions
\@emptytoks=\toks16
\ex@=\dimen113
))
(/usr/local/texlive/2016/texmf-dist/tex/latex/amsmath/amsbsy.sty
Package: amsbsy 1999/11/29 v1.2d Bold Symbols
\pmbraise@=\dimen114
)
(/usr/local/texlive/2016/texmf-dist/tex/latex/amsmath/amsopn.sty
Package: amsopn 2016/03/08 v2.02 operator names
)
\inf@bad=\count92
LaTeX Info: Redefining \frac on input line 213.
\uproot@=\count93
\leftroot@=\count94
LaTeX Info: Redefining \overline on input line 375.
\classnum@=\count95
\DOTSCASE@=\count96
LaTeX Info: Redefining \ldots on input line 472.
LaTeX Info: Redefining \dots on input line 475.
LaTeX Info: Redefining \cdots on input line 596.
\Mathstrutbox@=\box26
\strutbox@=\box27
\big@size=\dimen115
LaTeX Font Info:    Redeclaring font encoding OML on input line 712.
LaTeX Font Info:    Redeclaring font encoding OMS on input line 713.
\macc@depth=\count97
\c@MaxMatrixCols=\count98
\dotsspace@=\muskip11
\c@parentequation=\count99
\dspbrk@lvl=\count100
\tag@help=\toks17
\row@=\count101
\column@=\count102
\maxfields@=\count103
\andhelp@=\toks18
\eqnshift@=\dimen116
\alignsep@=\dimen117
\tagshift@=\dimen118
\tagwidth@=\dimen119
\totwidth@=\dimen120
\lineht@=\dimen121
\@envbody=\toks19
\multlinegap=\skip53
\multlinetaggap=\skip54
\mathdisplay@stack=\toks20
LaTeX Info: Redefining \[ on input line 2817.
LaTeX Info: Redefining \] on input line 2818.
)
(/usr/local/texlive/2016/texmf-dist/tex/latex/amscls/amsthm.sty
Package: amsthm 2015/03/04 v2.20.2
\thm@style=\toks21
\thm@bodyfont=\toks22
\thm@headfont=\toks23
\thm@notefont=\toks24
\thm@headpunct=\toks25
\thm@preskip=\skip55
\thm@postskip=\skip56
\thm@headsep=\skip57
\dth@everypar=\toks26
)
(/usr/local/texlive/2016/texmf-dist/tex/latex/exercise/exercise.sty
Package: exercise 2014/10/20 v1.6 Exercise package (P.Pichaureau)

(/usr/local/texlive/2016/texmf-dist/tex/latex/base/ifthen.sty
Package: ifthen 2014/09/29 v1.1c Standard LaTeX ifthen package (DPC)
)
\ExerciseSkipBefore=\skip58
\ExerciseSkipAfter=\skip59
\AnswerSkipBefore=\skip60
\AnswerSkipAfter=\skip61
\Exesep=\skip62
\Exetopsep=\skip63
\Exeparsep=\skip64
\Exepartopsep=\skip65
\Exeleftmargin=\skip66
\Exerightmargin=\skip67
\Exelabelwidth=\skip68
\Exelabelsep=\skip69
\ExerciseBefore=\skip70
\QuestionBefore=\skip71
\subQuestionBefore=\skip72
\subsubQuestionBefore=\skip73
\QuestionIndent=\skip74
\subQuestionIndent=\skip75
\subsubQuestionIndent=\skip76
\c@Exercise=\count104
\c@Answer=\count105
\c@ExePart=\count106
\c@Question=\count107
\c@subQuestion=\count108
\c@subsubQuestion=\count109
\c@savedQuestion=\count110
\c@savedsubQuestion=\count111
\c@savedsubsubQuestion=\count112
\@QuestionLevel=\count113
\@Exercisebox=\box28
\all@Exercisebox=\box29
\temp@Exercisebox=\box30
\all@Answerbox=\box31
\temp@Answerbox=\box32
\ExerciseDifficulty=\count114
\QuestionDifficulty=\count115
\subQuestionDifficulty=\count116
\subsubQuestionDifficulty=\count117
\ExePartDifficulty=\count118
\@Answerbox=\box33
\colonnesLevel=\count119
\tempskipa=\skip77
\tempskipb=\skip78
\@savedmathindent=\skip79
)
(/usr/local/texlive/2016/texmf-dist/tex/latex/base/makeidx.sty
Package: makeidx 2014/09/29 v1.0m Standard LaTeX package
)
(/usr/local/texlive/2016/texmf-dist/tex/latex/setspace/setspace.sty
Package: setspace 2011/12/19 v6.7a set line spacing
)
(./hevea.sty
Package: hevea 2002/01/11
 (/usr/local/texlive/2016/texmf-dist/tex/latex/comment/comment.sty
\CommentStream=\write3

Excluding comment 'comment')
\c@cuttingdepth=\count120
 Excluding comment 'rawhtml'
Excluding comment 'htmlonly'
\@bgcolorbin=\box34
)
(/usr/local/texlive/2016/texmf-dist/tex/latex/upquote/upquote.sty
Package: upquote 2012/04/19 v1.3 upright-quote and grave-accent glyphs in verba
tim
)
(/usr/local/texlive/2016/texmf-dist/tex/latex/appendix/appendix.sty
Package: appendix 2009/09/02 v1.2b extra appendix facilities
\c@@pps=\count121
\c@@ppsavesec=\count122
\c@@ppsaveapp=\count123
)
(/usr/local/texlive/2016/texmf-dist/tex/latex/hyperref/hyperref.sty
Package: hyperref 2016/06/24 v6.83q Hypertext links for LaTeX

(/usr/local/texlive/2016/texmf-dist/tex/generic/oberdiek/hobsub-hyperref.sty
Package: hobsub-hyperref 2016/05/16 v1.14 Bundle oberdiek, subset hyperref (HO)


(/usr/local/texlive/2016/texmf-dist/tex/generic/oberdiek/hobsub-generic.sty
Package: hobsub-generic 2016/05/16 v1.14 Bundle oberdiek, subset generic (HO)
Package: hobsub 2016/05/16 v1.14 Construct package bundles (HO)
Package hobsub Info: Skipping package `infwarerr' (already loaded).
Package hobsub Info: Skipping package `ltxcmds' (already loaded).
Package: ifluatex 2016/05/16 v1.4 Provides the ifluatex switch (HO)
Package ifluatex Info: LuaTeX not detected.
Package hobsub Info: Skipping package `ifvtex' (already loaded).
Package: intcalc 2016/05/16 v1.2 Expandable calculations with integers (HO)
Package hobsub Info: Skipping package `ifpdf' (already loaded).
Package: etexcmds 2016/05/16 v1.6 Avoid name clashes with e-TeX commands (HO)
Package etexcmds Info: Could not find \expanded.
(etexcmds)             That can mean that you are not using pdfTeX 1.50 or
(etexcmds)             that some package has redefined \expanded.
(etexcmds)             In the latter case, load this package earlier.
Package: kvsetkeys 2016/05/16 v1.17 Key value parser (HO)
Package: kvdefinekeys 2016/05/16 v1.4 Define keys (HO)
Package: pdftexcmds 2016/05/21 v0.22 Utility functions of pdfTeX for LuaTeX (HO
)
Package pdftexcmds Info: LuaTeX not detected.
Package pdftexcmds Info: \pdf@primitive is available.
Package pdftexcmds Info: \pdf@ifprimitive is available.
Package pdftexcmds Info: \pdfdraftmode found.
Package: pdfescape 2016/05/16 v1.14 Implements pdfTeX's escape features (HO)
Package: bigintcalc 2016/05/16 v1.4 Expandable calculations on big integers (HO
)
Package: bitset 2016/05/16 v1.2 Handle bit-vector datatype (HO)
Package: uniquecounter 2016/05/16 v1.3 Provide unlimited unique counter (HO)
)
Package hobsub Info: Skipping package `hobsub' (already loaded).
Package: letltxmacro 2016/05/16 v1.5 Let assignment for LaTeX macros (HO)
Package: hopatch 2016/05/16 v1.3 Wrapper for package hooks (HO)
Package: xcolor-patch 2016/05/16 xcolor patch
Package: atveryend 2016/05/16 v1.9 Hooks at the very end of document (HO)
Package atveryend Info: \enddocument detected (standard20110627).
Package: atbegshi 2016/06/09 v1.18 At begin shipout hook (HO)
Package: refcount 2016/05/16 v3.5 Data extraction from label references (HO)
Package: hycolor 2016/05/16 v1.8 Color options for hyperref/bookmark (HO)
)
(/usr/local/texlive/2016/texmf-dist/tex/latex/oberdiek/auxhook.sty
Package: auxhook 2016/05/16 v1.4 Hooks for auxiliary files (HO)
)
(/usr/local/texlive/2016/texmf-dist/tex/latex/oberdiek/kvoptions.sty
Package: kvoptions 2016/05/16 v3.12 Key value format for package options (HO)
)
\@linkdim=\dimen122
\Hy@linkcounter=\count124
\Hy@pagecounter=\count125

(/usr/local/texlive/2016/texmf-dist/tex/latex/hyperref/pd1enc.def
File: pd1enc.def 2016/06/24 v6.83q Hyperref: PDFDocEncoding definition (HO)
)
\Hy@SavedSpaceFactor=\count126

(/usr/local/texlive/2016/texmf-dist/tex/latex/latexconfig/hyperref.cfg
File: hyperref.cfg 2002/06/06 v1.2 hyperref configuration of TeXLive
)
Package hyperref Info: Option `bookmarks' set `true' on input line 4362.
Package hyperref Info: Hyper figures OFF on input line 4486.
Package hyperref Info: Link nesting OFF on input line 4491.
Package hyperref Info: Hyper index ON on input line 4494.
Package hyperref Info: Plain pages OFF on input line 4501.
Package hyperref Info: Backreferencing OFF on input line 4506.
Package hyperref Info: Implicit mode ON; LaTeX internals redefined.
Package hyperref Info: Bookmarks ON on input line 4735.
\c@Hy@tempcnt=\count127
LaTeX Info: Redefining \url on input line 5088.
\XeTeXLinkMargin=\dimen123
\Fld@menulength=\count128
\Field@Width=\dimen124
\Fld@charsize=\dimen125
Package hyperref Info: Hyper figures OFF on input line 6342.
Package hyperref Info: Link nesting OFF on input line 6347.
Package hyperref Info: Hyper index ON on input line 6350.
Package hyperref Info: backreferencing OFF on input line 6357.
Package hyperref Info: Link coloring OFF on input line 6362.
Package hyperref Info: Link coloring with OCG OFF on input line 6367.
Package hyperref Info: PDF/A mode OFF on input line 6372.
LaTeX Info: Redefining \ref on input line 6412.
LaTeX Info: Redefining \pageref on input line 6416.
\Hy@abspage=\count129
\c@Item=\count130
\c@Hfootnote=\count131
)

Package hyperref Message: Driver (autodetected): hpdftex.

(/usr/local/texlive/2016/texmf-dist/tex/latex/hyperref/hpdftex.def
File: hpdftex.def 2016/06/24 v6.83q Hyperref driver for pdfTeX
\Fld@listcount=\count132
\c@bookmark@seq@number=\count133

(/usr/local/texlive/2016/texmf-dist/tex/latex/oberdiek/rerunfilecheck.sty
Package: rerunfilecheck 2016/05/16 v1.8 Rerun checks for auxiliary files (HO)
Package uniquecounter Info: New unique counter `rerunfilecheck' on input line 2
82.
)
\Hy@SectionHShift=\skip80
)
\@indexfile=\write4
\openout4 = `book.idx'.


Writing index file book.idx
(./book.aux)
\openout1 = `book.aux'.

LaTeX Font Info:    Checking defaults for OML/cmm/m/it on input line 54.
LaTeX Font Info:    ... okay on input line 54.
LaTeX Font Info:    Checking defaults for T1/cmr/m/n on input line 54.
LaTeX Font Info:    ... okay on input line 54.
LaTeX Font Info:    Checking defaults for OT1/cmr/m/n on input line 54.
LaTeX Font Info:    ... okay on input line 54.
LaTeX Font Info:    Checking defaults for OMS/cmsy/m/n on input line 54.
LaTeX Font Info:    ... okay on input line 54.
LaTeX Font Info:    Checking defaults for OMX/cmex/m/n on input line 54.
LaTeX Font Info:    ... okay on input line 54.
LaTeX Font Info:    Checking defaults for U/cmr/m/n on input line 54.
LaTeX Font Info:    ... okay on input line 54.
LaTeX Font Info:    Checking defaults for TS1/cmr/m/n on input line 54.
LaTeX Font Info:    Try loading font information for TS1+cmr on input line 54.
 (/usr/local/texlive/2016/texmf-dist/tex/latex/base/ts1cmr.fd
File: ts1cmr.fd 2014/09/29 v2.5h Standard LaTeX font definitions
)
LaTeX Font Info:    ... okay on input line 54.
LaTeX Font Info:    Checking defaults for PD1/pdf/m/n on input line 54.
LaTeX Font Info:    ... okay on input line 54.
LaTeX Font Info:    Try loading font information for T1+ppl on input line 54.

(/usr/local/texlive/2016/texmf-dist/tex/latex/psnfss/t1ppl.fd
File: t1ppl.fd 2001/06/04 font definitions for T1/ppl.
)
*geometry* driver: auto-detecting
*geometry* detected driver: pdftex
*geometry* verbose mode - [ preamble ] result:
* driver: pdftex
* paper: <default>
* layout: <same size as paper>
* layoutoffset:(h,v)=(0.0pt,0.0pt)
* hratio: 3:2
* vratio: 1:1
* modes: twoside 
* h-part:(L,W,R)=(130.086pt, 397.48499pt, 86.72401pt)
* v-part:(T,H,B)=(90.3375pt, 614.295pt, 90.3375pt)
* \paperwidth=614.295pt
* \paperheight=794.96999pt
* \textwidth=397.48499pt
* \textheight=614.295pt
* \oddsidemargin=57.81601pt
* \evensidemargin=14.45403pt
* \topmargin=-11.99998pt
* \headheight=12.0pt
* \headsep=18.06749pt
* \topskip=10.0pt
* \footskip=25.29494pt
* \marginparwidth=125.0pt
* \marginparsep=7.0pt
* \columnsep=10.0pt
* \skip\footins=9.0pt plus 4.0pt minus 2.0pt
* \hoffset=0.0pt
* \voffset=0.0pt
* \mag=1000
* \@twocolumnfalse
* \@twosidetrue
* \@mparswitchtrue
* \@reversemarginfalse
* (1in=72.27pt=25.4mm, 1cm=28.453pt)

(/usr/local/texlive/2016/texmf-dist/tex/context/base/mkii/supp-pdf.mkii
[Loading MPS to PDF converter (version 2006.09.02).]
\scratchcounter=\count134
\scratchdimen=\dimen126
\scratchbox=\box35
\nofMPsegments=\count135
\nofMParguments=\count136
\everyMPshowfont=\toks27
\MPscratchCnt=\count137
\MPscratchDim=\dimen127
\MPnumerator=\count138
\makeMPintoPDFobject=\count139
\everyMPtoPDFconversion=\toks28
) (/usr/local/texlive/2016/texmf-dist/tex/latex/oberdiek/epstopdf-base.sty
Package: epstopdf-base 2016/05/15 v2.6 Base part for package epstopdf

(/usr/local/texlive/2016/texmf-dist/tex/latex/oberdiek/grfext.sty
Package: grfext 2016/05/16 v1.2 Manage graphics extensions (HO)
)
Package epstopdf-base Info: Redefining graphics rule for `.eps' on input line 4
38.
Package grfext Info: Graphics extension search list:
(grfext)             [.png,.pdf,.jpg,.mps,.jpeg,.jbig2,.jb2,.PNG,.PDF,.JPG,.JPE
G,.JBIG2,.JB2,.eps]
(grfext)             \AppendGraphicsExtensions on input line 456.

(/usr/local/texlive/2016/texmf-dist/tex/latex/latexconfig/epstopdf-sys.cfg
File: epstopdf-sys.cfg 2010/07/13 v1.3 Configuration of (r)epstopdf for TeX Liv
e
))
\AtBeginShipoutBox=\box36
Package hyperref Info: Link coloring OFF on input line 54.

(/usr/local/texlive/2016/texmf-dist/tex/latex/hyperref/nameref.sty
Package: nameref 2016/05/21 v2.44 Cross-referencing by name of section

(/usr/local/texlive/2016/texmf-dist/tex/generic/oberdiek/gettitlestring.sty
Package: gettitlestring 2016/05/16 v1.5 Cleanup title references (HO)
)
\c@section@level=\count140
)
LaTeX Info: Redefining \ref on input line 54.
LaTeX Info: Redefining \pageref on input line 54.
LaTeX Info: Redefining \nameref on input line 54.

(./book.out) (./book.out)
\@outlinefile=\write5
\openout5 = `book.out'.

\c@exercise=\count141
 (./latexonly) [1


{/usr/local/texlive/2016/texmf-var/fonts/map/pdftex/updmap/pdftex.map}] [2] [3]
LaTeX Font Info:    Try loading font information for TS1+ppl on input line 165.


(/usr/local/texlive/2016/texmf-dist/tex/latex/psnfss/ts1ppl.fd
File: ts1ppl.fd 2001/06/04 font definitions for TS1/ppl.
)
LaTeX Font Info:    Try loading font information for T1+cmtt on input line 178.


(/usr/local/texlive/2016/texmf-dist/tex/latex/base/t1cmtt.fd
File: t1cmtt.fd 2014/09/29 v2.5h Standard LaTeX font definitions
)
LaTeX Font Info:    Try loading font information for OT1+ppl on input line 178.


(/usr/local/texlive/2016/texmf-dist/tex/latex/psnfss/ot1ppl.fd
File: ot1ppl.fd 2001/06/04 font definitions for OT1/ppl.
)
LaTeX Font Info:    Try loading font information for OML+zplm on input line 178
.

(/usr/local/texlive/2016/texmf-dist/tex/latex/psnfss/omlzplm.fd
File: omlzplm.fd 2002/09/08 Fontinst v1.914 font definitions for OML/zplm.
)
LaTeX Font Info:    Try loading font information for OMS+zplm on input line 178
.

(/usr/local/texlive/2016/texmf-dist/tex/latex/psnfss/omszplm.fd
File: omszplm.fd 2002/09/08 Fontinst v1.914 font definitions for OMS/zplm.
)
LaTeX Font Info:    Try loading font information for OMX+zplm on input line 178
.

(/usr/local/texlive/2016/texmf-dist/tex/latex/psnfss/omxzplm.fd
File: omxzplm.fd 2002/09/08 Fontinst v1.914 font definitions for OMX/zplm.
)
LaTeX Font Info:    Try loading font information for OT1+zplm on input line 178
.

(/usr/local/texlive/2016/texmf-dist/tex/latex/psnfss/ot1zplm.fd
File: ot1zplm.fd 2002/09/08 Fontinst v1.914 font definitions for OT1/zplm.
)
Excluding 'htmlonly' comment. [4]
LaTeX Font Info:    Font shape `T1/ppl/bx/n' in size <24.88> not available
(Font)              Font shape `T1/ppl/b/n' tried instead on input line 217.
LaTeX Font Info:    Font shape `T1/ppl/bx/n' in size <14.4> not available
(Font)              Font shape `T1/ppl/b/n' tried instead on input line 219.
 [5

]
Underfull \hbox (badness 10000) in paragraph at lines 331--332

 []


Underfull \hbox (badness 10000) in paragraph at lines 333--334

 []

LaTeX Font Info:    Font shape `T1/ppl/bx/n' in size <10> not available
(Font)              Font shape `T1/ppl/b/n' tried instead on input line 367.
[6] [7] [8] [9] [10] [11] [12

] (./book.toc [13

] [14] [15] [16] [17] [18]
[19] [20])
\tf@toc=\write6
\openout6 = `book.toc'.

 [21] [22

]
Chapter 1.
LaTeX Font Info:    Font shape `T1/ppl/bx/n' in size <20.74> not available
(Font)              Font shape `T1/ppl/b/n' tried instead on input line 749.
[1


] [2]
LaTeX Font Info:    Try loading font information for TS1+cmtt on input line 891
.
 (/usr/local/texlive/2016/texmf-dist/tex/latex/base/ts1cmtt.fd
File: ts1cmtt.fd 2014/09/29 v2.5h Standard LaTeX font definitions
) [3]
[4] [5] [6] [7] [8]
Chapter 2.
<figs/state2.pdf, id=1371, 313.17pt x 60.225pt>
File: figs/state2.pdf Graphic file (type pdf)
 <use figs/state2.pdf>
Package pdftex.def Info: figs/state2.pdf used on input line 1408.
(pdftex.def)             Requested size: 250.53633pt x 48.18005pt.
 [9

 <./figs/state2.pdf>] [10] [11] [12] [13] [14] [15] [16

]
Chapter 3.
[17] [18] [19] [20] [21] [22]
<figs/stack.pdf, id=1447, 285.065pt x 141.52875pt>
File: figs/stack.pdf Graphic file (type pdf)
 <use figs/stack.pdf>
Package pdftex.def Info: figs/stack.pdf used on input line 2422.
(pdftex.def)             Requested size: 228.0523pt x 113.22314pt.

[23 <./figs/stack.pdf>] [24] [25] [26] [27] [28]
Chapter 4.
[29

] [30] [31] [32] [33] [34] [35] [36]
<figs/flowers.pdf, id=1543, 264.99pt x 103.38625pt>
File: figs/flowers.pdf Graphic file (type pdf)
 <use figs/flowers.pdf>
Package pdftex.def Info: figs/flowers.pdf used on input line 3481.
(pdftex.def)             Requested size: 211.99228pt x 82.70909pt.

Underfull \hbox (badness 10000) in paragraph at lines 3492--3494
[]\T1/ppl/m/it/10 Solution: []$\T1/cmtt/m/it/10 http : / / thinkpython2 . com /
 code / flower . py$[]\T1/ppl/m/it/10 , also re-quires []$\T1/cmtt/m/it/10 http
 :
 []

<figs/pies.pdf, id=1547, 220.825pt x 72.27pt>
File: figs/pies.pdf Graphic file (type pdf)
 <use figs/pies.pdf>
Package pdftex.def Info: figs/pies.pdf used on input line 3499.
(pdftex.def)             Requested size: 176.66022pt x 57.81606pt.
 [37 <./figs/flowers.pdf> <./figs/pies.pdf>] [38]
Chapter 5.
[39

] [40] [41] [42] [43] <figs/stack2.pdf, id=1603, 139.52126pt x 150.5625pt>
File: figs/stack2.pdf Graphic file (type pdf)

<use figs/stack2.pdf>
Package pdftex.def Info: figs/stack2.pdf used on input line 3998.
(pdftex.def)             Requested size: 111.61714pt x 120.45015pt.
 [44 <./figs/stack2.pdf>]
LaTeX Font Info:    Try loading font information for T1+cmss on input line 4074
.

(/usr/local/texlive/2016/texmf-dist/tex/latex/base/t1cmss.fd
File: t1cmss.fd 2014/09/29 v2.5h Standard LaTeX font definitions
) [45] [46]
[47] [48] <figs/koch.pdf, id=1647, 258.9675pt x 78.2925pt>
File: figs/koch.pdf Graphic file (type pdf)
 <use figs/koch.pdf>
Package pdftex.def Info: figs/koch.pdf used on input line 4426.
(pdftex.def)             Requested size: 207.17426pt x 62.63406pt.

[49 <./figs/koch.pdf>] [50

]
Chapter 6.
[51] [52] [53]
Underfull \hbox (badness 1490) in paragraph at lines 4795--4798
\T1/ppl/m/n/10 It is com-mon to give boolean func-tions names that sound like y
es/no ques-tions;
 []

[54] [55] <figs/stack3.pdf, id=1701, 320.19624pt x 150.5625pt>
File: figs/stack3.pdf Graphic file (type pdf)

<use figs/stack3.pdf>
Package pdftex.def Info: figs/stack3.pdf used on input line 4972.
(pdftex.def)             Requested size: 256.15733pt x 120.45015pt.
 [56] [57 <./figs/stack3.pdf>] [58] [59] [60] [61]
[62

]
Chapter 7.
[63] <figs/assign2.pdf, id=1765, 60.225pt x 42.1575pt>
File: figs/assign2.pdf Graphic file (type pdf)
 <use figs/assign2.pdf>
Package pdftex.def Info: figs/assign2.pdf used on input line 5450.
(pdftex.def)             Requested size: 48.18005pt x 33.72603pt.

[64 <./figs/assign2.pdf>] [65] [66] [67] [68] [69] [70]
Chapter 8.
[71

] [72] <figs/banana.pdf, id=1823, 195.73125pt x 52.195pt>
File: figs/banana.pdf Graphic file (type pdf)

<use figs/banana.pdf>
Package pdftex.def Info: figs/banana.pdf used on input line 6175.
(pdftex.def)             Requested size: 156.58519pt x 41.75604pt.
 [73 <./figs/banana.pdf>] [74] [75] [76] [77]
<figs/state4.pdf, id=1856, 245.91875pt x 56.21pt>
File: figs/state4.pdf Graphic file (type pdf)
 <use figs/state4.pdf>
Package pdftex.def Info: figs/state4.pdf used on input line 6593.
(pdftex.def)             Requested size: 196.73524pt x 44.96805pt.

[78]
Underfull \hbox (badness 10000) in paragraph at lines 6675--6682
[]\T1/ppl/m/it/10 The doc-u-men-ta-tion uses a syn-tax that might be con-fus-in
g. For ex-am-ple, in
 []

[79 <./figs/state4.pdf>] [80] [81] [82

]
Chapter 9.
[83] [84] [85] [86] [87]
Underfull \hbox (badness 1975) in paragraph at lines 7268--7274
[]\T1/ppl/b/n/10 Exercise 9.8. \T1/ppl/m/it/10 Here's an-other \T1/ppl/m/n/10 C
ar Talk \T1/ppl/m/it/10 Puz-zler ([]$\T1/cmtt/m/it/10 http : / / www . cartalk 
. com / content /
 []

[88]
Chapter 10.
[89

] <figs/liststate.pdf, id=1947, 218.8175pt x 204.765pt>
File: figs/liststate.pdf Graphic file (type pdf)

<use figs/liststate.pdf>
Package pdftex.def Info: figs/liststate.pdf used on input line 7434.
(pdftex.def)             Requested size: 175.05423pt x 163.8122pt.
 [90 <./figs/liststate.pdf>] [91] [92] [93] [94]
<figs/list1.pdf, id=1978, 218.8175pt x 42.1575pt>
File: figs/list1.pdf Graphic file (type pdf)
 <use figs/list1.pdf>
Package pdftex.def Info: figs/list1.pdf used on input line 7959.
(pdftex.def)             Requested size: 175.05423pt x 33.72603pt.
 [95 <./figs/list1.pdf>] <figs/list2.pdf, id=1991, 96.36pt x 42.1575pt>
File: figs/list2.pdf Graphic file (type pdf)

<use figs/list2.pdf>
Package pdftex.def Info: figs/list2.pdf used on input line 7997.
(pdftex.def)             Requested size: 77.08807pt x 33.72603pt.
 <figs/list3.pdf, id=1993, 96.36pt x 42.1575pt>
File: figs/list3.pdf Graphic file (type pdf)

<use figs/list3.pdf>
Package pdftex.def Info: figs/list3.pdf used on input line 8040.
(pdftex.def)             Requested size: 77.08807pt x 33.72603pt.
 [96 <./figs/list2.pdf> <./figs/list3.pdf>]
<figs/stack5.pdf, id=2011, 238.8925pt x 74.2775pt>
File: figs/stack5.pdf Graphic file (type pdf)
 <use figs/stack5.pdf>
Package pdftex.def Info: figs/stack5.pdf used on input line 8115.
(pdftex.def)             Requested size: 191.11424pt x 59.42207pt.

[97 <./figs/stack5.pdf>] [98] [99] [100] [101] [102]
Chapter 11.
[103

] [104] [105] [106] [107]
<figs/dict1.pdf, id=2102, 318.18875pt x 136.51pt>
File: figs/dict1.pdf Graphic file (type pdf)
 <use figs/dict1.pdf>
Package pdftex.def Info: figs/dict1.pdf used on input line 9002.
(pdftex.def)             Requested size: 254.55133pt x 109.20813pt.
 [108 <./figs/dict1.pdf>] <figs/fibonacci.pdf, id=2117, 309.155pt x 218.8175pt>
File: figs/fibonacci.pdf Graphic file (type pdf)

<use figs/fibonacci.pdf>
Package pdftex.def Info: figs/fibonacci.pdf used on input line 9072.
(pdftex.def)             Requested size: 216.40701pt x 153.17119pt.
 [109 <./figs/fibonacci.pdf>] [110] [111] [112]
[113] [114]
Chapter 12.
[115

] [116] [117] [118] [119] <figs/tuple1.pdf, id=2200, 124.465pt x 56.21pt>
File: figs/tuple1.pdf Graphic file (type pdf)

<use figs/tuple1.pdf>
Package pdftex.def Info: figs/tuple1.pdf used on input line 10064.
(pdftex.def)             Requested size: 99.57213pt x 44.96805pt.
 <figs/dict2.pdf, id=2202, 235.88126pt x 127.47626pt>
File: figs/dict2.pdf Graphic file (type pdf)

<use figs/dict2.pdf>
Package pdftex.def Info: figs/dict2.pdf used on input line 10075.
(pdftex.def)             Requested size: 188.70525pt x 101.98112pt.
 [120] [121 <./figs/tuple1.pdf> <./figs/dict2.pdf>]
[122]
Underfull \hbox (badness 1577) in paragraph at lines 10328--10330
[]\T1/ppl/b/n/10 Exercise 12.4. \T1/ppl/m/it/10 Here's an-other Car Talk Puz-zl
er ([]$\T1/cmtt/m/it/10 http : / / www . cartalk . com / content /
 []

[123] [124]
Chapter 13.
[125

] [126]
Underfull \hbox (badness 1430) in paragraph at lines 10612--10617
[][]\T1/cmtt/m/n/10 process_file \T1/ppl/m/n/10 loops through the lines of the 
file, pass-ing them one at a time to
 []

[127] [128] [129] [130]
Underfull \hbox (badness 10000) in paragraph at lines 10906--10915

 []


Underfull \hbox (badness 10000) in paragraph at lines 10906--10915

 []

[131] [132] [133] [134] [135] [136

]
Chapter 14.
[137] [138]
Underfull \hbox (badness 1117) in paragraph at lines 11414--11418
\T1/cmtt/m/n/10 stdtypes . html # printf-[]style-[]string-[]formatting$[]\T1/pp
l/m/n/10 . A more pow-er-ful al-ter-na-tive is
 []

[139] [140] [141] [142] [143] [144] [145] [146]
Chapter 15.
[147

] <figs/point.pdf, id=2428, 124.465pt x 55.20625pt>
File: figs/point.pdf Graphic file (type pdf)
 <use figs/point.pdf>
Package pdftex.def Info: figs/point.pdf used on input line 12243.
(pdftex.def)             Requested size: 99.57213pt x 44.16504pt.

[148 <./figs/point.pdf>] [149]
<figs/rectangle.pdf, id=2443, 219.82124pt x 74.2775pt>
File: figs/rectangle.pdf Graphic file (type pdf)

<use figs/rectangle.pdf>
Package pdftex.def Info: figs/rectangle.pdf used on input line 12364.
(pdftex.def)             Requested size: 175.85722pt x 59.42207pt.
 [150 <./figs/rectangle.pdf>] [151]
<figs/rectangle2.pdf, id=2459, 371.3875pt x 60.225pt>
File: figs/rectangle2.pdf Graphic file (type pdf)

<use figs/rectangle2.pdf>
Package pdftex.def Info: figs/rectangle2.pdf used on input line 12519.
(pdftex.def)             Requested size: 297.1104pt x 48.18005pt.

Underfull \hbox (badness 2818) in paragraph at lines 12534--12540
[]\T1/ppl/m/n/10 For most ap-pli-ca-tions, this is not what you want. In this e
x-am-ple, in-vok-ing
 []

[152 <./figs/rectangle2.pdf>] [153] [154]
Chapter 16.
<figs/time.pdf, id=2490, 139.52126pt x 73.27374pt>
File: figs/time.pdf Graphic file (type pdf)
 <use figs/time.pdf>
Package pdftex.def Info: figs/time.pdf used on input line 12786.
(pdftex.def)             Requested size: 111.61714pt x 58.61905pt.
 [155

]
[156 <./figs/time.pdf>] [157] [158] [159] [160]
Chapter 17.
[161

] [162] [163] [164]
Underfull \hbox (badness 1502) in paragraph at lines 13578--13584
\T1/ppl/m/n/10 By defin-ing other spe-cial meth-ods, you can spec-ify the be-ha
v-ior of op-er-a-tors on
 []

[165] [166] [167] [168]
Underfull \hbox (badness 1590) in paragraph at lines 13880--13884
[]\T1/ppl/m/n/10 A lan-guage that pro-vides fea-tures, such as programmer-
 []

[169]
Underfull \hbox (badness 1824) in paragraph at lines 13958--13960
[]\T1/ppl/m/it/10 A method named []\T1/cmtt/m/n/10 put_in_pouch \T1/ppl/m/it/10
 that takes an ob-ject of any type and adds it to
 []

[170]
Chapter 18.
[171

] [172] <figs/card1.pdf, id=2616, 194.7275pt x 155.58125pt>
File: figs/card1.pdf Graphic file (type pdf)

<use figs/card1.pdf>
Package pdftex.def Info: figs/card1.pdf used on input line 14157.
(pdftex.def)             Requested size: 155.7822pt x 124.46515pt.
 [173 <./figs/card1.pdf>] [174] [175] [176]
<figs/class1.pdf, id=2641, 150.5625pt x 87.32625pt>
File: figs/class1.pdf Graphic file (type pdf)
 <use figs/class1.pdf>
Package pdftex.def Info: figs/class1.pdf used on input line 14541.
(pdftex.def)             Requested size: 120.45015pt x 69.86108pt.

[177] [178 <./figs/class1.pdf>] [179]
Underfull \hbox (badness 1178) in paragraph at lines 14724--14729
[]\T1/ppl/m/n/10 As an ex-er-cise, down-load my Markov code from []$\T1/cmtt/m/
n/10 http : / / thinkpython2 . com / code /
 []

[180] [181] [182]
Chapter 19.
[183

] [184] [185] [186] [187] [188] [189] [190] [191] [192]
Appendix A.
[193

]
LaTeX Font Info:    Font shape `T1/ppl/bx/n' in size <12> not available
(Font)              Font shape `T1/ppl/b/n' tried instead on input line 15827.
 [194] [195] [196] [197] [198] [199] [200]
Appendix B.
[201

] [202] [203] [204] [205] [206] [207]
<figs/towers.pdf, id=2875, 659.46375pt x 158.5925pt>
File: figs/towers.pdf Graphic file (type pdf)
 <use figs/towers.pdf>
Package pdftex.def Info: figs/towers.pdf used on input line 16992.
(pdftex.def)             Requested size: 397.48499pt x 95.5918pt.

[208] [209 <./figs/towers.pdf>] (./book.ind [210] [211

] [212] [213] [214]
[215] [216] [217] [218]
Underfull \hbox (badness 1163) in paragraph at lines 928--931
[]\T1/ppl/m/n/10 programmer-defined type, []147[], []153[], []155[],
 []

[219] [220] [221] [222

])
Package atveryend Info: Empty hook `BeforeClearDocument' on input line 17074.
Package atveryend Info: Empty hook `AfterLastShipout' on input line 17074.
 (./book.aux)
Package atveryend Info: Executing hook `AtVeryEndDocument' on input line 17074.

Package atveryend Info: Executing hook `AtEndAfterFileList' on input line 17074
.
Package rerunfilecheck Info: File `book.out' has not changed.
(rerunfilecheck)             Checksum: B41E18BE8BB5F265C0710B07389677A6;15020.
Package atveryend Info: Empty hook `AtVeryVeryEnd' on input line 17074.
 ) 
Here is how much of TeX's memory you used:
 9236 strings out of 493013
 130706 string characters out of 6133343
 219832 words of memory out of 5000000
 11849 multiletter control sequences out of 15000+600000
 51021 words of font info for 108 fonts, out of 8000000 for 9000
 1141 hyphenation exceptions out of 8191
 32i,12n,43p,232b,514s stack positions out of 5000i,500n,10000p,200000b,80000s
{/usr/local/texlive/2016/texmf-dist/fonts/enc/dvips/cm-super/cm-super-t1.enc}
{/usr/local/texlive/2016/texmf-dist/fonts/enc/dvips/cm-super/cm-super-ts1.enc}{
/usr/local/texlive/2016/texmf-dist/fonts/enc/dvips/base/8r.enc}</usr/local/texl
ive/2016/texmf-dist/fonts/type1/public/amsfonts/cm/cmex10.pfb></usr/local/texli
ve/2016/texmf-dist/fonts/type1/public/amsfonts/cm/cmmi10.pfb></usr/local/texliv
e/2016/texmf-dist/fonts/type1/public/amsfonts/cm/cmr10.pfb></usr/local/texlive/
2016/texmf-dist/fonts/type1/public/amsfonts/cm/cmsy10.pfb></usr/local/texlive/2
016/texmf-dist/fonts/type1/public/mathpazo/fplmr.pfb></usr/local/texlive/2016/t
exmf-dist/fonts/type1/public/mathpazo/fplmri.pfb></usr/local/texlive/2016/texmf
-dist/fonts/type1/public/cm-super/sfit1000.pfb></usr/local/texlive/2016/texmf-d
ist/fonts/type1/public/cm-super/sfss1000.pfb></usr/local/texlive/2016/texmf-dis
t/fonts/type1/public/cm-super/sftt0800.pfb></usr/local/texlive/2016/texmf-dist/
fonts/type1/public/cm-super/sftt0900.pfb></usr/local/texlive/2016/texmf-dist/fo
nts/type1/public/cm-super/sftt1000.pfb></usr/local/texlive/2016/texmf-dist/font
s/type1/public/cm-super/sftt1200.pfb></usr/local/texlive/2016/texmf-dist/fonts/
type1/public/cm-super/sftt1440.pfb></usr/local/texlive/2016/texmf-dist/fonts/ty
pe1/urw/palatino/uplb8a.pfb></usr/local/texlive/2016/texmf-dist/fonts/type1/urw
/palatino/uplr8a.pfb></usr/local/texlive/2016/texmf-dist/fonts/type1/urw/palati
no/uplri8a.pfb>
Output written on book.pdf (244 pages, 921728 bytes).
PDF statistics:
 5016 PDF objects out of 5155 (max. 8388607)
 4659 compressed objects within 47 object streams
 736 named destinations out of 1000 (max. 500000)
 2051 words of extra memory for PDF output out of 10000 (max. 10000000)

