\BOOKMARK [0][-]{chapter*.1}{Preface}{}% 1
\BOOKMARK [0][-]{chapter.1}{The way of the program}{}% 2
\BOOKMARK [1][-]{section.1.1}{What is a program?}{chapter.1}% 3
\BOOKMARK [1][-]{section.1.2}{Running Python}{chapter.1}% 4
\BOOKMARK [1][-]{section.1.3}{The first program}{chapter.1}% 5
\BOOKMARK [1][-]{section.1.4}{Arithmetic operators}{chapter.1}% 6
\BOOKMARK [1][-]{section.1.5}{Values and types}{chapter.1}% 7
\BOOKMARK [1][-]{section.1.6}{Formal and natural languages}{chapter.1}% 8
\BOOKMARK [1][-]{section.1.7}{Debugging}{chapter.1}% 9
\BOOKMARK [1][-]{section.1.8}{Glossary}{chapter.1}% 10
\BOOKMARK [1][-]{section.1.9}{Exercises}{chapter.1}% 11
\BOOKMARK [0][-]{chapter.2}{Variables, expressions and statements}{}% 12
\BOOKMARK [1][-]{section.2.1}{Assignment statements}{chapter.2}% 13
\BOOKMARK [1][-]{section.2.2}{Variable names}{chapter.2}% 14
\BOOKMARK [1][-]{section.2.3}{Expressions and statements}{chapter.2}% 15
\BOOKMARK [1][-]{section.2.4}{Script mode}{chapter.2}% 16
\BOOKMARK [1][-]{section.2.5}{Order of operations}{chapter.2}% 17
\BOOKMARK [1][-]{section.2.6}{String operations}{chapter.2}% 18
\BOOKMARK [1][-]{section.2.7}{Comments}{chapter.2}% 19
\BOOKMARK [1][-]{section.2.8}{Debugging}{chapter.2}% 20
\BOOKMARK [1][-]{section.2.9}{Glossary}{chapter.2}% 21
\BOOKMARK [1][-]{section.2.10}{Exercises}{chapter.2}% 22
\BOOKMARK [0][-]{chapter.3}{Functions}{}% 23
\BOOKMARK [1][-]{section.3.1}{Function calls}{chapter.3}% 24
\BOOKMARK [1][-]{section.3.2}{Math functions}{chapter.3}% 25
\BOOKMARK [1][-]{section.3.3}{Composition}{chapter.3}% 26
\BOOKMARK [1][-]{section.3.4}{Adding new functions}{chapter.3}% 27
\BOOKMARK [1][-]{section.3.5}{Definitions and uses}{chapter.3}% 28
\BOOKMARK [1][-]{section.3.6}{Flow of execution}{chapter.3}% 29
\BOOKMARK [1][-]{section.3.7}{Parameters and arguments}{chapter.3}% 30
\BOOKMARK [1][-]{section.3.8}{Variables and parameters are local}{chapter.3}% 31
\BOOKMARK [1][-]{section.3.9}{Stack diagrams}{chapter.3}% 32
\BOOKMARK [1][-]{section.3.10}{Fruitful functions and void functions}{chapter.3}% 33
\BOOKMARK [1][-]{section.3.11}{Why functions?}{chapter.3}% 34
\BOOKMARK [1][-]{section.3.12}{Debugging}{chapter.3}% 35
\BOOKMARK [1][-]{section.3.13}{Glossary}{chapter.3}% 36
\BOOKMARK [1][-]{section.3.14}{Exercises}{chapter.3}% 37
\BOOKMARK [0][-]{chapter.4}{Case study: interface design}{}% 38
\BOOKMARK [1][-]{section.4.1}{The turtle module}{chapter.4}% 39
\BOOKMARK [1][-]{section.4.2}{Simple repetition}{chapter.4}% 40
\BOOKMARK [1][-]{section.4.3}{Exercises}{chapter.4}% 41
\BOOKMARK [1][-]{section.4.4}{Encapsulation}{chapter.4}% 42
\BOOKMARK [1][-]{section.4.5}{Generalization}{chapter.4}% 43
\BOOKMARK [1][-]{section.4.6}{Interface design}{chapter.4}% 44
\BOOKMARK [1][-]{section.4.7}{Refactoring}{chapter.4}% 45
\BOOKMARK [1][-]{section.4.8}{A development plan}{chapter.4}% 46
\BOOKMARK [1][-]{section.4.9}{docstring}{chapter.4}% 47
\BOOKMARK [1][-]{section.4.10}{Debugging}{chapter.4}% 48
\BOOKMARK [1][-]{section.4.11}{Glossary}{chapter.4}% 49
\BOOKMARK [1][-]{section.4.12}{Exercises}{chapter.4}% 50
\BOOKMARK [0][-]{chapter.5}{Conditionals and recursion}{}% 51
\BOOKMARK [1][-]{section.5.1}{Floor division and modulus}{chapter.5}% 52
\BOOKMARK [1][-]{section.5.2}{Boolean expressions}{chapter.5}% 53
\BOOKMARK [1][-]{section.5.3}{Logical operators}{chapter.5}% 54
\BOOKMARK [1][-]{section.5.4}{Conditional execution}{chapter.5}% 55
\BOOKMARK [1][-]{section.5.5}{Alternative execution}{chapter.5}% 56
\BOOKMARK [1][-]{section.5.6}{Chained conditionals}{chapter.5}% 57
\BOOKMARK [1][-]{section.5.7}{Nested conditionals}{chapter.5}% 58
\BOOKMARK [1][-]{section.5.8}{Recursion}{chapter.5}% 59
\BOOKMARK [1][-]{section.5.9}{Stack diagrams for recursive functions}{chapter.5}% 60
\BOOKMARK [1][-]{section.5.10}{Infinite recursion}{chapter.5}% 61
\BOOKMARK [1][-]{section.5.11}{Keyboard input}{chapter.5}% 62
\BOOKMARK [1][-]{section.5.12}{Debugging}{chapter.5}% 63
\BOOKMARK [1][-]{section.5.13}{Glossary}{chapter.5}% 64
\BOOKMARK [1][-]{section.5.14}{Exercises}{chapter.5}% 65
\BOOKMARK [0][-]{chapter.6}{Fruitful functions}{}% 66
\BOOKMARK [1][-]{section.6.1}{Return values}{chapter.6}% 67
\BOOKMARK [1][-]{section.6.2}{Incremental development}{chapter.6}% 68
\BOOKMARK [1][-]{section.6.3}{Composition}{chapter.6}% 69
\BOOKMARK [1][-]{section.6.4}{Boolean functions}{chapter.6}% 70
\BOOKMARK [1][-]{section.6.5}{More recursion}{chapter.6}% 71
\BOOKMARK [1][-]{section.6.6}{Leap of faith}{chapter.6}% 72
\BOOKMARK [1][-]{section.6.7}{One more example}{chapter.6}% 73
\BOOKMARK [1][-]{section.6.8}{Checking types}{chapter.6}% 74
\BOOKMARK [1][-]{section.6.9}{Debugging}{chapter.6}% 75
\BOOKMARK [1][-]{section.6.10}{Glossary}{chapter.6}% 76
\BOOKMARK [1][-]{section.6.11}{Exercises}{chapter.6}% 77
\BOOKMARK [0][-]{chapter.7}{Iteration}{}% 78
\BOOKMARK [1][-]{section.7.1}{Reassignment}{chapter.7}% 79
\BOOKMARK [1][-]{section.7.2}{Updating variables}{chapter.7}% 80
\BOOKMARK [1][-]{section.7.3}{The while statement}{chapter.7}% 81
\BOOKMARK [1][-]{section.7.4}{break}{chapter.7}% 82
\BOOKMARK [1][-]{section.7.5}{Square roots}{chapter.7}% 83
\BOOKMARK [1][-]{section.7.6}{Algorithms}{chapter.7}% 84
\BOOKMARK [1][-]{section.7.7}{Debugging}{chapter.7}% 85
\BOOKMARK [1][-]{section.7.8}{Glossary}{chapter.7}% 86
\BOOKMARK [1][-]{section.7.9}{Exercises}{chapter.7}% 87
\BOOKMARK [0][-]{chapter.8}{Strings}{}% 88
\BOOKMARK [1][-]{section.8.1}{A string is a sequence}{chapter.8}% 89
\BOOKMARK [1][-]{section.8.2}{len}{chapter.8}% 90
\BOOKMARK [1][-]{section.8.3}{Traversal with a for loop}{chapter.8}% 91
\BOOKMARK [1][-]{section.8.4}{String slices}{chapter.8}% 92
\BOOKMARK [1][-]{section.8.5}{Strings are immutable}{chapter.8}% 93
\BOOKMARK [1][-]{section.8.6}{Searching}{chapter.8}% 94
\BOOKMARK [1][-]{section.8.7}{Looping and counting}{chapter.8}% 95
\BOOKMARK [1][-]{section.8.8}{String methods}{chapter.8}% 96
\BOOKMARK [1][-]{section.8.9}{The in operator}{chapter.8}% 97
\BOOKMARK [1][-]{section.8.10}{String comparison}{chapter.8}% 98
\BOOKMARK [1][-]{section.8.11}{Debugging}{chapter.8}% 99
\BOOKMARK [1][-]{section.8.12}{Glossary}{chapter.8}% 100
\BOOKMARK [1][-]{section.8.13}{Exercises}{chapter.8}% 101
\BOOKMARK [0][-]{chapter.9}{Case study: word play}{}% 102
\BOOKMARK [1][-]{section.9.1}{Reading word lists}{chapter.9}% 103
\BOOKMARK [1][-]{section.9.2}{Exercises}{chapter.9}% 104
\BOOKMARK [1][-]{section.9.3}{Search}{chapter.9}% 105
\BOOKMARK [1][-]{section.9.4}{Looping with indices}{chapter.9}% 106
\BOOKMARK [1][-]{section.9.5}{Debugging}{chapter.9}% 107
\BOOKMARK [1][-]{section.9.6}{Glossary}{chapter.9}% 108
\BOOKMARK [1][-]{section.9.7}{Exercises}{chapter.9}% 109
\BOOKMARK [0][-]{chapter.10}{Lists}{}% 110
\BOOKMARK [1][-]{section.10.1}{A list is a sequence}{chapter.10}% 111
\BOOKMARK [1][-]{section.10.2}{Lists are mutable}{chapter.10}% 112
\BOOKMARK [1][-]{section.10.3}{Traversing a list}{chapter.10}% 113
\BOOKMARK [1][-]{section.10.4}{List operations}{chapter.10}% 114
\BOOKMARK [1][-]{section.10.5}{List slices}{chapter.10}% 115
\BOOKMARK [1][-]{section.10.6}{List methods}{chapter.10}% 116
\BOOKMARK [1][-]{section.10.7}{Map, filter and reduce}{chapter.10}% 117
\BOOKMARK [1][-]{section.10.8}{Deleting elements}{chapter.10}% 118
\BOOKMARK [1][-]{section.10.9}{Lists and strings}{chapter.10}% 119
\BOOKMARK [1][-]{section.10.10}{Objects and values}{chapter.10}% 120
\BOOKMARK [1][-]{section.10.11}{Aliasing}{chapter.10}% 121
\BOOKMARK [1][-]{section.10.12}{List arguments}{chapter.10}% 122
\BOOKMARK [1][-]{section.10.13}{Debugging}{chapter.10}% 123
\BOOKMARK [1][-]{section.10.14}{Glossary}{chapter.10}% 124
\BOOKMARK [1][-]{section.10.15}{Exercises}{chapter.10}% 125
\BOOKMARK [0][-]{chapter.11}{Dictionaries}{}% 126
\BOOKMARK [1][-]{section.11.1}{A dictionary is a mapping}{chapter.11}% 127
\BOOKMARK [1][-]{section.11.2}{Dictionary as a collection of counters}{chapter.11}% 128
\BOOKMARK [1][-]{section.11.3}{Looping and dictionaries}{chapter.11}% 129
\BOOKMARK [1][-]{section.11.4}{Reverse lookup}{chapter.11}% 130
\BOOKMARK [1][-]{section.11.5}{Dictionaries and lists}{chapter.11}% 131
\BOOKMARK [1][-]{section.11.6}{Memos}{chapter.11}% 132
\BOOKMARK [1][-]{section.11.7}{Global variables}{chapter.11}% 133
\BOOKMARK [1][-]{section.11.8}{Debugging}{chapter.11}% 134
\BOOKMARK [1][-]{section.11.9}{Glossary}{chapter.11}% 135
\BOOKMARK [1][-]{section.11.10}{Exercises}{chapter.11}% 136
\BOOKMARK [0][-]{chapter.12}{Tuples}{}% 137
\BOOKMARK [1][-]{section.12.1}{Tuples are immutable}{chapter.12}% 138
\BOOKMARK [1][-]{section.12.2}{Tuple assignment}{chapter.12}% 139
\BOOKMARK [1][-]{section.12.3}{Tuples as return values}{chapter.12}% 140
\BOOKMARK [1][-]{section.12.4}{Variable-length argument tuples}{chapter.12}% 141
\BOOKMARK [1][-]{section.12.5}{Lists and tuples}{chapter.12}% 142
\BOOKMARK [1][-]{section.12.6}{Dictionaries and tuples}{chapter.12}% 143
\BOOKMARK [1][-]{section.12.7}{Sequences of sequences}{chapter.12}% 144
\BOOKMARK [1][-]{section.12.8}{Debugging}{chapter.12}% 145
\BOOKMARK [1][-]{section.12.9}{Glossary}{chapter.12}% 146
\BOOKMARK [1][-]{section.12.10}{Exercises}{chapter.12}% 147
\BOOKMARK [0][-]{chapter.13}{Case study: data structure selection}{}% 148
\BOOKMARK [1][-]{section.13.1}{Word frequency analysis}{chapter.13}% 149
\BOOKMARK [1][-]{section.13.2}{Random numbers}{chapter.13}% 150
\BOOKMARK [1][-]{section.13.3}{Word histogram}{chapter.13}% 151
\BOOKMARK [1][-]{section.13.4}{Most common words}{chapter.13}% 152
\BOOKMARK [1][-]{section.13.5}{Optional parameters}{chapter.13}% 153
\BOOKMARK [1][-]{section.13.6}{Dictionary subtraction}{chapter.13}% 154
\BOOKMARK [1][-]{section.13.7}{Random words}{chapter.13}% 155
\BOOKMARK [1][-]{section.13.8}{Markov analysis}{chapter.13}% 156
\BOOKMARK [1][-]{section.13.9}{Data structures}{chapter.13}% 157
\BOOKMARK [1][-]{section.13.10}{Debugging}{chapter.13}% 158
\BOOKMARK [1][-]{section.13.11}{Glossary}{chapter.13}% 159
\BOOKMARK [1][-]{section.13.12}{Exercises}{chapter.13}% 160
\BOOKMARK [0][-]{chapter.14}{Files}{}% 161
\BOOKMARK [1][-]{section.14.1}{Persistence}{chapter.14}% 162
\BOOKMARK [1][-]{section.14.2}{Reading and writing}{chapter.14}% 163
\BOOKMARK [1][-]{section.14.3}{Format operator}{chapter.14}% 164
\BOOKMARK [1][-]{section.14.4}{Filenames and paths}{chapter.14}% 165
\BOOKMARK [1][-]{section.14.5}{Catching exceptions}{chapter.14}% 166
\BOOKMARK [1][-]{section.14.6}{Databases}{chapter.14}% 167
\BOOKMARK [1][-]{section.14.7}{Pickling}{chapter.14}% 168
\BOOKMARK [1][-]{section.14.8}{Pipes}{chapter.14}% 169
\BOOKMARK [1][-]{section.14.9}{Writing modules}{chapter.14}% 170
\BOOKMARK [1][-]{section.14.10}{Debugging}{chapter.14}% 171
\BOOKMARK [1][-]{section.14.11}{Glossary}{chapter.14}% 172
\BOOKMARK [1][-]{section.14.12}{Exercises}{chapter.14}% 173
\BOOKMARK [0][-]{chapter.15}{Classes and objects}{}% 174
\BOOKMARK [1][-]{section.15.1}{Programmer-defined types}{chapter.15}% 175
\BOOKMARK [1][-]{section.15.2}{Attributes}{chapter.15}% 176
\BOOKMARK [1][-]{section.15.3}{Rectangles}{chapter.15}% 177
\BOOKMARK [1][-]{section.15.4}{Instances as return values}{chapter.15}% 178
\BOOKMARK [1][-]{section.15.5}{Objects are mutable}{chapter.15}% 179
\BOOKMARK [1][-]{section.15.6}{Copying}{chapter.15}% 180
\BOOKMARK [1][-]{section.15.7}{Debugging}{chapter.15}% 181
\BOOKMARK [1][-]{section.15.8}{Glossary}{chapter.15}% 182
\BOOKMARK [1][-]{section.15.9}{Exercises}{chapter.15}% 183
\BOOKMARK [0][-]{chapter.16}{Classes and functions}{}% 184
\BOOKMARK [1][-]{section.16.1}{Time}{chapter.16}% 185
\BOOKMARK [1][-]{section.16.2}{Pure functions}{chapter.16}% 186
\BOOKMARK [1][-]{section.16.3}{Modifiers}{chapter.16}% 187
\BOOKMARK [1][-]{section.16.4}{Prototyping versus planning}{chapter.16}% 188
\BOOKMARK [1][-]{section.16.5}{Debugging}{chapter.16}% 189
\BOOKMARK [1][-]{section.16.6}{Glossary}{chapter.16}% 190
\BOOKMARK [1][-]{section.16.7}{Exercises}{chapter.16}% 191
\BOOKMARK [0][-]{chapter.17}{Classes and methods}{}% 192
\BOOKMARK [1][-]{section.17.1}{Object-oriented features}{chapter.17}% 193
\BOOKMARK [1][-]{section.17.2}{Printing objects}{chapter.17}% 194
\BOOKMARK [1][-]{section.17.3}{Another example}{chapter.17}% 195
\BOOKMARK [1][-]{section.17.4}{A more complicated example}{chapter.17}% 196
\BOOKMARK [1][-]{section.17.5}{The init method}{chapter.17}% 197
\BOOKMARK [1][-]{section.17.6}{The \137\137str\137\137 method}{chapter.17}% 198
\BOOKMARK [1][-]{section.17.7}{Operator overloading}{chapter.17}% 199
\BOOKMARK [1][-]{section.17.8}{Type-based dispatch}{chapter.17}% 200
\BOOKMARK [1][-]{section.17.9}{Polymorphism}{chapter.17}% 201
\BOOKMARK [1][-]{section.17.10}{Debugging}{chapter.17}% 202
\BOOKMARK [1][-]{section.17.11}{Interface and implementation}{chapter.17}% 203
\BOOKMARK [1][-]{section.17.12}{Glossary}{chapter.17}% 204
\BOOKMARK [1][-]{section.17.13}{Exercises}{chapter.17}% 205
\BOOKMARK [0][-]{chapter.18}{Inheritance}{}% 206
\BOOKMARK [1][-]{section.18.1}{Card objects}{chapter.18}% 207
\BOOKMARK [1][-]{section.18.2}{Class attributes}{chapter.18}% 208
\BOOKMARK [1][-]{section.18.3}{Comparing cards}{chapter.18}% 209
\BOOKMARK [1][-]{section.18.4}{Decks}{chapter.18}% 210
\BOOKMARK [1][-]{section.18.5}{Printing the deck}{chapter.18}% 211
\BOOKMARK [1][-]{section.18.6}{Add, remove, shuffle and sort}{chapter.18}% 212
\BOOKMARK [1][-]{section.18.7}{Inheritance}{chapter.18}% 213
\BOOKMARK [1][-]{section.18.8}{Class diagrams}{chapter.18}% 214
\BOOKMARK [1][-]{section.18.9}{Debugging}{chapter.18}% 215
\BOOKMARK [1][-]{section.18.10}{Data encapsulation}{chapter.18}% 216
\BOOKMARK [1][-]{section.18.11}{Glossary}{chapter.18}% 217
\BOOKMARK [1][-]{section.18.12}{Exercises}{chapter.18}% 218
\BOOKMARK [0][-]{chapter.19}{The Goodies}{}% 219
\BOOKMARK [1][-]{section.19.1}{Conditional expressions}{chapter.19}% 220
\BOOKMARK [1][-]{section.19.2}{List comprehensions}{chapter.19}% 221
\BOOKMARK [1][-]{section.19.3}{Generator expressions}{chapter.19}% 222
\BOOKMARK [1][-]{section.19.4}{any and all}{chapter.19}% 223
\BOOKMARK [1][-]{section.19.5}{Sets}{chapter.19}% 224
\BOOKMARK [1][-]{section.19.6}{Counters}{chapter.19}% 225
\BOOKMARK [1][-]{section.19.7}{defaultdict}{chapter.19}% 226
\BOOKMARK [1][-]{section.19.8}{Named tuples}{chapter.19}% 227
\BOOKMARK [1][-]{section.19.9}{Gathering keyword args}{chapter.19}% 228
\BOOKMARK [1][-]{section.19.10}{Glossary}{chapter.19}% 229
\BOOKMARK [1][-]{section.19.11}{Exercises}{chapter.19}% 230
\BOOKMARK [0][-]{appendix.A}{Debugging}{}% 231
\BOOKMARK [1][-]{section.A.1}{Syntax errors}{appendix.A}% 232
\BOOKMARK [1][-]{section.A.2}{Runtime errors}{appendix.A}% 233
\BOOKMARK [1][-]{section.A.3}{Semantic errors}{appendix.A}% 234
\BOOKMARK [0][-]{appendix.B}{Analysis of Algorithms}{}% 235
\BOOKMARK [1][-]{section.B.1}{Order of growth}{appendix.B}% 236
\BOOKMARK [1][-]{section.B.2}{Analysis of basic Python operations}{appendix.B}% 237
\BOOKMARK [1][-]{section.B.3}{Analysis of search algorithms}{appendix.B}% 238
\BOOKMARK [1][-]{section.B.4}{Hashtables}{appendix.B}% 239
\BOOKMARK [1][-]{section.B.5}{Glossary}{appendix.B}% 240
